2025/05/10 10:57:40 [notice] 9#9: using the "epoll" event method
2025/05/10 10:57:40 [notice] 9#9: nginx/1.21.6
2025/05/10 10:57:40 [notice] 9#9: built by gcc 10.2.1 20210110 (Debian 10.2.1-6) 
2025/05/10 10:57:40 [notice] 9#9: OS: Linux 5.15.153.1-microsoft-standard-WSL2
2025/05/10 10:57:40 [notice] 9#9: getrlimit(RLIMIT_NOFILE): 1048576:1048576
2025/05/10 10:57:40 [notice] 9#9: start worker processes
2025/05/10 10:57:40 [notice] 9#9: start worker process 10
2025/05/10 10:57:40 [notice] 9#9: start worker process 11
2025/05/10 10:57:40 [notice] 9#9: start worker process 12
2025/05/10 10:57:40 [notice] 9#9: start worker process 13
2025/05/10 10:57:40 [notice] 9#9: start worker process 14
2025/05/10 10:57:40 [notice] 9#9: start worker process 15
2025/05/10 10:57:40 [notice] 9#9: start worker process 16
2025/05/10 10:57:40 [notice] 9#9: start worker process 17
2025/05/10 10:57:40 [notice] 9#9: start worker process 18
2025/05/10 10:57:40 [notice] 9#9: start worker process 19
2025/05/10 10:57:40 [notice] 9#9: start worker process 20
2025/05/10 10:57:40 [notice] 9#9: start worker process 21
2025/05/10 10:57:58 [crit] 11#11: *2 realpath() "/var/www/symfony/public" failed (2: No such file or directory), client: 172.19.0.1, server: symfony.test, request: "GET / HTTP/1.1", host: "localhost"
2025/05/10 10:58:00 [crit] 11#11: *2 realpath() "/var/www/symfony/public" failed (2: No such file or directory), client: 172.19.0.1, server: symfony.test, request: "GET / HTTP/1.1", host: "localhost"
2025/05/10 11:00:12 [notice] 9#9: using the "epoll" event method
2025/05/10 11:00:12 [notice] 9#9: nginx/1.21.6
2025/05/10 11:00:12 [notice] 9#9: built by gcc 10.2.1 20210110 (Debian 10.2.1-6) 
2025/05/10 11:00:12 [notice] 9#9: OS: Linux 5.15.153.1-microsoft-standard-WSL2
2025/05/10 11:00:12 [notice] 9#9: getrlimit(RLIMIT_NOFILE): 1048576:1048576
2025/05/10 11:00:12 [notice] 9#9: start worker processes
2025/05/10 11:00:12 [notice] 9#9: start worker process 10
2025/05/10 11:00:12 [notice] 9#9: start worker process 11
2025/05/10 11:00:12 [notice] 9#9: start worker process 12
2025/05/10 11:00:12 [notice] 9#9: start worker process 13
2025/05/10 11:00:12 [notice] 9#9: start worker process 14
2025/05/10 11:00:12 [notice] 9#9: start worker process 15
2025/05/10 11:00:12 [notice] 9#9: start worker process 16
2025/05/10 11:00:12 [notice] 9#9: start worker process 17
2025/05/10 11:00:12 [notice] 9#9: start worker process 18
2025/05/10 11:00:12 [notice] 9#9: start worker process 19
2025/05/10 11:00:12 [notice] 9#9: start worker process 20
2025/05/10 11:00:12 [notice] 9#9: start worker process 21
2025/05/10 11:02:25 [notice] 9#9: using the "epoll" event method
2025/05/10 11:02:25 [notice] 9#9: nginx/1.21.6
2025/05/10 11:02:25 [notice] 9#9: built by gcc 10.2.1 20210110 (Debian 10.2.1-6) 
2025/05/10 11:02:25 [notice] 9#9: OS: Linux 5.15.153.1-microsoft-standard-WSL2
2025/05/10 11:02:25 [notice] 9#9: getrlimit(RLIMIT_NOFILE): 1048576:1048576
2025/05/10 11:02:25 [notice] 9#9: start worker processes
2025/05/10 11:02:25 [notice] 9#9: start worker process 10
2025/05/10 11:02:25 [notice] 9#9: start worker process 11
2025/05/10 11:02:25 [notice] 9#9: start worker process 12
2025/05/10 11:02:25 [notice] 9#9: start worker process 13
2025/05/10 11:02:25 [notice] 9#9: start worker process 14
2025/05/10 11:02:25 [notice] 9#9: start worker process 15
2025/05/10 11:02:25 [notice] 9#9: start worker process 16
2025/05/10 11:02:25 [notice] 9#9: start worker process 17
2025/05/10 11:02:25 [notice] 9#9: start worker process 18
2025/05/10 11:02:25 [notice] 9#9: start worker process 19
2025/05/10 11:02:25 [notice] 9#9: start worker process 20
2025/05/10 11:02:25 [notice] 9#9: start worker process 21
2025/05/10 11:03:09 [notice] 9#9: using the "epoll" event method
2025/05/10 11:03:09 [notice] 9#9: nginx/1.21.6
2025/05/10 11:03:09 [notice] 9#9: built by gcc 10.2.1 20210110 (Debian 10.2.1-6) 
2025/05/10 11:03:09 [notice] 9#9: OS: Linux 5.15.153.1-microsoft-standard-WSL2
2025/05/10 11:03:09 [notice] 9#9: getrlimit(RLIMIT_NOFILE): 1048576:1048576
2025/05/10 11:03:09 [notice] 9#9: start worker processes
2025/05/10 11:03:09 [notice] 9#9: start worker process 10
2025/05/10 11:03:09 [notice] 9#9: start worker process 11
2025/05/10 11:03:09 [notice] 9#9: start worker process 12
2025/05/10 11:03:09 [notice] 9#9: start worker process 13
2025/05/10 11:03:09 [notice] 9#9: start worker process 14
2025/05/10 11:03:09 [notice] 9#9: start worker process 15
2025/05/10 11:03:09 [notice] 9#9: start worker process 16
2025/05/10 11:03:09 [notice] 9#9: start worker process 17
2025/05/10 11:03:09 [notice] 9#9: start worker process 18
2025/05/10 11:03:09 [notice] 9#9: start worker process 19
2025/05/10 11:03:09 [notice] 9#9: start worker process 20
2025/05/10 11:03:09 [notice] 9#9: start worker process 21
2025/05/10 11:03:56 [notice] 9#9: using the "epoll" event method
2025/05/10 11:03:56 [notice] 9#9: nginx/1.21.6
2025/05/10 11:03:56 [notice] 9#9: built by gcc 10.2.1 20210110 (Debian 10.2.1-6) 
2025/05/10 11:03:56 [notice] 9#9: OS: Linux 5.15.153.1-microsoft-standard-WSL2
2025/05/10 11:03:56 [notice] 9#9: getrlimit(RLIMIT_NOFILE): 1048576:1048576
2025/05/10 11:03:56 [notice] 9#9: start worker processes
2025/05/10 11:03:56 [notice] 9#9: start worker process 10
2025/05/10 11:03:56 [notice] 9#9: start worker process 11
2025/05/10 11:03:56 [notice] 9#9: start worker process 12
2025/05/10 11:03:56 [notice] 9#9: start worker process 13
2025/05/10 11:03:56 [notice] 9#9: start worker process 14
2025/05/10 11:03:56 [notice] 9#9: start worker process 15
2025/05/10 11:03:56 [notice] 9#9: start worker process 16
2025/05/10 11:03:56 [notice] 9#9: start worker process 17
2025/05/10 11:03:56 [notice] 9#9: start worker process 18
2025/05/10 11:03:56 [notice] 9#9: start worker process 19
2025/05/10 11:03:56 [notice] 9#9: start worker process 20
2025/05/10 11:03:56 [notice] 9#9: start worker process 21
2025/05/10 11:05:01 [notice] 9#9: using the "epoll" event method
2025/05/10 11:05:01 [notice] 9#9: nginx/1.21.6
2025/05/10 11:05:01 [notice] 9#9: built by gcc 10.2.1 20210110 (Debian 10.2.1-6) 
2025/05/10 11:05:01 [notice] 9#9: OS: Linux 5.15.153.1-microsoft-standard-WSL2
2025/05/10 11:05:01 [notice] 9#9: getrlimit(RLIMIT_NOFILE): 1048576:1048576
2025/05/10 11:05:01 [notice] 9#9: start worker processes
2025/05/10 11:05:01 [notice] 9#9: start worker process 10
2025/05/10 11:05:01 [notice] 9#9: start worker process 11
2025/05/10 11:05:01 [notice] 9#9: start worker process 12
2025/05/10 11:05:01 [notice] 9#9: start worker process 13
2025/05/10 11:05:01 [notice] 9#9: start worker process 14
2025/05/10 11:05:01 [notice] 9#9: start worker process 15
2025/05/10 11:05:01 [notice] 9#9: start worker process 16
2025/05/10 11:05:01 [notice] 9#9: start worker process 17
2025/05/10 11:05:01 [notice] 9#9: start worker process 18
2025/05/10 11:05:01 [notice] 9#9: start worker process 19
2025/05/10 11:05:01 [notice] 9#9: start worker process 20
2025/05/10 11:05:01 [notice] 9#9: start worker process 21
